2018-05-19  15:20:44.773 [main] INFO  org.springframework.context.annotation.AnnotationConfigApplicationContext - Refreshing org.springframework.context.annotation.AnnotationConfigApplicationContext@6ebf0f36: startup date [Sat May 19 15:20:44 CST 2018]; root of context hierarchy
2018-05-19  15:20:45.117 [main] INFO  o.springframework.beans.factory.annotation.AutowiredAnnotationBeanPostProcessor - JSR-330 'javax.inject.Inject' annotation found and supported for autowiring
2018-05-19  15:20:45.175 [main] INFO  o.s.context.support.PostProcessorRegistrationDelegate$BeanPostProcessorChecker - Bean 'configurationPropertiesRebinderAutoConfiguration' of type [org.springframework.cloud.autoconfigure.ConfigurationPropertiesRebinderAutoConfiguration$$EnhancerBySpringCGLIB$$d928ea70] is not eligible for getting processed by all BeanPostProcessors (for example: not eligible for auto-proxying)
2018-05-19  15:20:45.379 [main] INFO  com.panda.demo.SpringBootDemoApplication - No active profile set, falling back to default profiles: default
2018-05-19  15:20:45.398 [main] INFO  o.s.boot.web.servlet.context.AnnotationConfigServletWebServerApplicationContext - Refreshing org.springframework.boot.web.servlet.context.AnnotationConfigServletWebServerApplicationContext@3c4bc9fc: startup date [Sat May 19 15:20:45 CST 2018]; parent: org.springframework.context.annotation.AnnotationConfigApplicationContext@6ebf0f36
2018-05-19  15:20:45.925 [main] INFO  org.springframework.beans.factory.xml.XmlBeanDefinitionReader - Loading XML bean definitions from class path resource [beanRefContext.xml]
2018-05-19  15:20:46.160 [main] INFO  org.springframework.beans.factory.support.DefaultListableBeanFactory - Overriding bean definition for bean 'dataSource' with a different definition: replacing [Root bean: class [null]; scope=; abstract=false; lazyInit=false; autowireMode=3; dependencyCheck=0; autowireCandidate=true; primary=false; factoryBeanName=org.springframework.boot.autoconfigure.jdbc.DataSourceConfiguration$Generic; factoryMethodName=dataSource; initMethodName=null; destroyMethodName=(inferred); defined in class path resource [org/springframework/boot/autoconfigure/jdbc/DataSourceConfiguration$Generic.class]] with [Root bean: class [null]; scope=; abstract=false; lazyInit=false; autowireMode=3; dependencyCheck=0; autowireCandidate=true; primary=false; factoryBeanName=org.springframework.boot.autoconfigure.jdbc.DataSourceConfiguration$Hikari; factoryMethodName=dataSource; initMethodName=null; destroyMethodName=(inferred); defined in class path resource [org/springframework/boot/autoconfigure/jdbc/DataSourceConfiguration$Hikari.class]]
2018-05-19  15:20:46.215 [main] INFO  org.springframework.data.repository.config.RepositoryConfigurationDelegate - Multiple Spring Data modules found, entering strict repository configuration mode!
2018-05-19  15:20:46.451 [main] INFO  org.springframework.beans.factory.support.DefaultListableBeanFactory - Overriding bean definition for bean 'dataSource' with a different definition: replacing [Root bean: class [null]; scope=refresh; abstract=false; lazyInit=false; autowireMode=3; dependencyCheck=0; autowireCandidate=false; primary=false; factoryBeanName=org.springframework.boot.autoconfigure.jdbc.DataSourceConfiguration$Hikari; factoryMethodName=dataSource; initMethodName=null; destroyMethodName=(inferred); defined in class path resource [org/springframework/boot/autoconfigure/jdbc/DataSourceConfiguration$Hikari.class]] with [Root bean: class [org.springframework.aop.scope.ScopedProxyFactoryBean]; scope=; abstract=false; lazyInit=false; autowireMode=0; dependencyCheck=0; autowireCandidate=true; primary=false; factoryBeanName=null; factoryMethodName=null; initMethodName=null; destroyMethodName=null; defined in BeanDefinition defined in class path resource [org/springframework/boot/autoconfigure/jdbc/DataSourceConfiguration$Hikari.class]]
2018-05-19  15:20:46.611 [main] INFO  org.springframework.cloud.context.scope.GenericScope - BeanFactory id=a55c998b-0c0b-39b4-a1e4-206544ffdc58
2018-05-19  15:20:46.634 [main] INFO  o.springframework.beans.factory.annotation.AutowiredAnnotationBeanPostProcessor - JSR-330 'javax.inject.Inject' annotation found and supported for autowiring
2018-05-19  15:20:46.778 [main] INFO  o.s.context.support.PostProcessorRegistrationDelegate$BeanPostProcessorChecker - Bean 'org.springframework.transaction.annotation.ProxyTransactionManagementConfiguration' of type [org.springframework.transaction.annotation.ProxyTransactionManagementConfiguration$$EnhancerBySpringCGLIB$$bd0ee773] is not eligible for getting processed by all BeanPostProcessors (for example: not eligible for auto-proxying)
2018-05-19  15:20:46.831 [main] INFO  o.s.context.support.PostProcessorRegistrationDelegate$BeanPostProcessorChecker - Bean 'org.springframework.cloud.autoconfigure.ConfigurationPropertiesRebinderAutoConfiguration' of type [org.springframework.cloud.autoconfigure.ConfigurationPropertiesRebinderAutoConfiguration$$EnhancerBySpringCGLIB$$d928ea70] is not eligible for getting processed by all BeanPostProcessors (for example: not eligible for auto-proxying)
2018-05-19  15:20:47.279 [main] INFO  org.springframework.boot.web.embedded.tomcat.TomcatWebServer - Tomcat initialized with port(s): 8081 (http)
2018-05-19  15:20:47.297 [main] INFO  org.apache.coyote.http11.Http11NioProtocol - Initializing ProtocolHandler ["http-nio-8081"]
2018-05-19  15:20:47.328 [main] INFO  org.apache.catalina.core.StandardService - Starting service [Tomcat]
2018-05-19  15:20:47.328 [main] INFO  org.apache.catalina.core.StandardEngine - Starting Servlet Engine: Apache Tomcat/8.5.31
2018-05-19  15:20:47.335 [localhost-startStop-1] INFO  org.apache.catalina.core.AprLifecycleListener - The APR based Apache Tomcat Native library which allows optimal performance in production environments was not found on the java.library.path: [/Users/mosl/Library/Java/Extensions:/Library/Java/Extensions:/Network/Library/Java/Extensions:/System/Library/Java/Extensions:/usr/lib/java:.]
2018-05-19  15:20:47.456 [localhost-startStop-1] INFO  org.apache.catalina.core.ContainerBase.[Tomcat].[localhost].[/] - Initializing Spring embedded WebApplicationContext
2018-05-19  15:20:47.457 [localhost-startStop-1] INFO  org.springframework.web.context.ContextLoader - Root WebApplicationContext: initialization completed in 2059 ms
2018-05-19  15:20:47.649 [localhost-startStop-1] INFO  org.springframework.boot.web.servlet.ServletRegistrationBean - Servlet dispatcherServlet mapped to [/]
2018-05-19  15:20:47.654 [localhost-startStop-1] INFO  org.springframework.boot.web.servlet.FilterRegistrationBean - Mapping filter: 'characterEncodingFilter' to: [/*]
2018-05-19  15:20:47.655 [localhost-startStop-1] INFO  org.springframework.boot.web.servlet.FilterRegistrationBean - Mapping filter: 'hiddenHttpMethodFilter' to: [/*]
2018-05-19  15:20:47.655 [localhost-startStop-1] INFO  org.springframework.boot.web.servlet.FilterRegistrationBean - Mapping filter: 'httpPutFormContentFilter' to: [/*]
2018-05-19  15:20:47.655 [localhost-startStop-1] INFO  org.springframework.boot.web.servlet.FilterRegistrationBean - Mapping filter: 'requestContextFilter' to: [/*]
2018-05-19  15:20:48.262 [main] WARN  com.netflix.config.sources.URLConfigurationSource - No URLs will be polled as dynamic configuration sources.
2018-05-19  15:20:48.262 [main] INFO  com.netflix.config.sources.URLConfigurationSource - To enable URLs as dynamic configuration sources, define System property archaius.configurationSource.additionalUrls or make config.properties available on classpath.
2018-05-19  15:20:48.268 [main] WARN  com.netflix.config.sources.URLConfigurationSource - No URLs will be polled as dynamic configuration sources.
2018-05-19  15:20:48.268 [main] INFO  com.netflix.config.sources.URLConfigurationSource - To enable URLs as dynamic configuration sources, define System property archaius.configurationSource.additionalUrls or make config.properties available on classpath.
2018-05-19  15:20:48.409 [main] INFO  org.springframework.web.servlet.handler.SimpleUrlHandlerMapping - Mapped URL path [/**/favicon.ico] onto handler of type [class org.springframework.web.servlet.resource.ResourceHttpRequestHandler]
2018-05-19  15:20:48.789 [main] INFO  o.springframework.web.servlet.mvc.method.annotation.RequestMappingHandlerAdapter - Looking for @ControllerAdvice: org.springframework.boot.web.servlet.context.AnnotationConfigServletWebServerApplicationContext@3c4bc9fc: startup date [Sat May 19 15:20:45 CST 2018]; parent: org.springframework.context.annotation.AnnotationConfigApplicationContext@6ebf0f36
2018-05-19  15:20:48.866 [main] INFO  o.springframework.web.servlet.mvc.method.annotation.RequestMappingHandlerMapping - Mapped "{[/test]}" onto public java.lang.Object com.panda.demo.controller.OrderController.test()
2018-05-19  15:20:48.867 [main] INFO  o.springframework.web.servlet.mvc.method.annotation.RequestMappingHandlerMapping - Mapped "{[/getUser],methods=[GET]}" onto public java.lang.Object com.panda.demo.controller.OrderController.getUser()
2018-05-19  15:20:48.867 [main] INFO  o.springframework.web.servlet.mvc.method.annotation.RequestMappingHandlerMapping - Mapped "{[/selectById]}" onto public java.lang.Object com.panda.demo.controller.OrderController.selectById()
2018-05-19  15:20:48.868 [main] INFO  o.springframework.web.servlet.mvc.method.annotation.RequestMappingHandlerMapping - Mapped "{[/insertUser]}" onto public java.lang.Object com.panda.demo.controller.OrderController.insertUser()
2018-05-19  15:20:48.870 [main] INFO  o.springframework.web.servlet.mvc.method.annotation.RequestMappingHandlerMapping - Mapped "{[/v1/user/add],methods=[POST]}" onto public java.lang.Object com.panda.demo.controller.UserController.addUser(com.panda.demo.dto.UserDto)
2018-05-19  15:20:48.870 [main] INFO  o.springframework.web.servlet.mvc.method.annotation.RequestMappingHandlerMapping - Mapped "{[/v1/redis/set],methods=[GET]}" onto public java.lang.Object com.panda.demo.controller.UserController.redisSet()
2018-05-19  15:20:48.872 [main] INFO  o.springframework.web.servlet.mvc.method.annotation.RequestMappingHandlerMapping - Mapped "{[/error]}" onto public org.springframework.http.ResponseEntity<java.util.Map<java.lang.String, java.lang.Object>> org.springframework.boot.autoconfigure.web.servlet.error.BasicErrorController.error(javax.servlet.http.HttpServletRequest)
2018-05-19  15:20:48.873 [main] INFO  o.springframework.web.servlet.mvc.method.annotation.RequestMappingHandlerMapping - Mapped "{[/error],produces=[text/html]}" onto public org.springframework.web.servlet.ModelAndView org.springframework.boot.autoconfigure.web.servlet.error.BasicErrorController.errorHtml(javax.servlet.http.HttpServletRequest,javax.servlet.http.HttpServletResponse)
2018-05-19  15:20:48.912 [main] INFO  org.springframework.web.servlet.handler.SimpleUrlHandlerMapping - Mapped URL path [/webjars/**] onto handler of type [class org.springframework.web.servlet.resource.ResourceHttpRequestHandler]
2018-05-19  15:20:48.912 [main] INFO  org.springframework.web.servlet.handler.SimpleUrlHandlerMapping - Mapped URL path [/**] onto handler of type [class org.springframework.web.servlet.resource.ResourceHttpRequestHandler]
2018-05-19  15:20:49.269 [main] WARN  org.springframework.data.convert.CustomConversions - Registering converter from class org.joda.time.LocalDateTime to class java.time.LocalDateTime as reading converter although it doesn't convert from a store-supported type! You might wanna check you annotation setup at the converter implementation.
2018-05-19  15:20:49.285 [main] WARN  org.springframework.data.convert.CustomConversions - Registering converter from class org.joda.time.LocalDateTime to class java.time.LocalDateTime as reading converter although it doesn't convert from a store-supported type! You might wanna check you annotation setup at the converter implementation.
2018-05-19  15:20:49.298 [main] WARN  org.springframework.data.convert.CustomConversions - Registering converter from class org.joda.time.LocalDateTime to class java.time.LocalDateTime as reading converter although it doesn't convert from a store-supported type! You might wanna check you annotation setup at the converter implementation.
2018-05-19  15:20:50.047 [main] INFO  org.springframework.jmx.export.annotation.AnnotationMBeanExporter - Registering beans for JMX exposure on startup
2018-05-19  15:20:50.049 [main] INFO  org.springframework.jmx.export.annotation.AnnotationMBeanExporter - Bean with name 'dataSource' has been autodetected for JMX exposure
2018-05-19  15:20:50.059 [main] INFO  org.springframework.jmx.export.annotation.AnnotationMBeanExporter - Bean with name 'refreshScope' has been autodetected for JMX exposure
2018-05-19  15:20:50.061 [main] INFO  org.springframework.jmx.export.annotation.AnnotationMBeanExporter - Bean with name 'configurationPropertiesRebinder' has been autodetected for JMX exposure
2018-05-19  15:20:50.061 [main] INFO  org.springframework.jmx.export.annotation.AnnotationMBeanExporter - Bean with name 'environmentManager' has been autodetected for JMX exposure
2018-05-19  15:20:50.065 [main] INFO  org.springframework.jmx.export.annotation.AnnotationMBeanExporter - Located managed bean 'environmentManager': registering with JMX server as MBean [org.springframework.cloud.context.environment:name=environmentManager,type=EnvironmentManager]
2018-05-19  15:20:50.079 [main] INFO  org.springframework.jmx.export.annotation.AnnotationMBeanExporter - Located managed bean 'refreshScope': registering with JMX server as MBean [org.springframework.cloud.context.scope.refresh:name=refreshScope,type=RefreshScope]
2018-05-19  15:20:50.092 [main] INFO  org.springframework.jmx.export.annotation.AnnotationMBeanExporter - Located managed bean 'configurationPropertiesRebinder': registering with JMX server as MBean [org.springframework.cloud.context.properties:name=configurationPropertiesRebinder,context=3c4bc9fc,type=ConfigurationPropertiesRebinder]
2018-05-19  15:20:50.100 [main] INFO  org.springframework.jmx.export.annotation.AnnotationMBeanExporter - Located MBean 'dataSource': registering with JMX server as MBean [com.zaxxer.hikari:name=dataSource,type=HikariDataSource]
2018-05-19  15:20:50.105 [main] INFO  org.springframework.context.support.DefaultLifecycleProcessor - Starting beans in phase 0
2018-05-19  15:20:50.114 [main] INFO  org.springframework.cloud.netflix.eureka.InstanceInfoFactory - Setting initial instance status as: STARTING
2018-05-19  15:20:50.163 [main] INFO  com.netflix.discovery.DiscoveryClient - Initializing Eureka in region us-east-1
2018-05-19  15:20:50.481 [main] INFO  com.netflix.discovery.provider.DiscoveryJerseyProvider - Using JSON encoding codec LegacyJacksonJson
2018-05-19  15:20:50.481 [main] INFO  com.netflix.discovery.provider.DiscoveryJerseyProvider - Using JSON decoding codec LegacyJacksonJson
2018-05-19  15:20:50.634 [main] INFO  com.netflix.discovery.provider.DiscoveryJerseyProvider - Using XML encoding codec XStreamXml
2018-05-19  15:20:50.635 [main] INFO  com.netflix.discovery.provider.DiscoveryJerseyProvider - Using XML decoding codec XStreamXml
2018-05-19  15:20:50.909 [main] INFO  com.netflix.discovery.shared.resolver.aws.ConfigClusterResolver - Resolving eureka endpoints via configuration
2018-05-19  15:20:50.930 [main] INFO  com.netflix.discovery.DiscoveryClient - Disable delta property : false
2018-05-19  15:20:50.930 [main] INFO  com.netflix.discovery.DiscoveryClient - Single vip registry refresh property : null
2018-05-19  15:20:50.930 [main] INFO  com.netflix.discovery.DiscoveryClient - Force full registry fetch : false
2018-05-19  15:20:50.930 [main] INFO  com.netflix.discovery.DiscoveryClient - Application is null : false
2018-05-19  15:20:50.930 [main] INFO  com.netflix.discovery.DiscoveryClient - Registered Applications size is zero : true
2018-05-19  15:20:50.930 [main] INFO  com.netflix.discovery.DiscoveryClient - Application version is -1: true
2018-05-19  15:20:50.931 [main] INFO  com.netflix.discovery.DiscoveryClient - Getting all instance registry info from the eureka server
2018-05-19  15:20:51.259 [main] INFO  com.netflix.discovery.DiscoveryClient - The response status is 200
2018-05-19  15:20:51.264 [main] INFO  com.netflix.discovery.DiscoveryClient - Starting heartbeat executor: renew interval is: 30
2018-05-19  15:20:51.274 [main] INFO  com.netflix.discovery.InstanceInfoReplicator - InstanceInfoReplicator onDemand update allowed rate per min is 4
2018-05-19  15:20:51.280 [main] INFO  com.netflix.discovery.DiscoveryClient - Discovery Client initialized at timestamp 1526714451278 with initial instances count: 3
2018-05-19  15:20:51.295 [main] INFO  org.springframework.cloud.netflix.eureka.serviceregistry.EurekaServiceRegistry - Registering application spring-boot-demo with eureka with status UP
2018-05-19  15:20:51.295 [main] INFO  com.netflix.discovery.DiscoveryClient - Saw local status change event StatusChangeEvent [timestamp=1526714451295, current=UP, previous=STARTING]
2018-05-19  15:20:51.297 [DiscoveryClient-InstanceInfoReplicator-0] INFO  com.netflix.discovery.DiscoveryClient - DiscoveryClient_SPRING-BOOT-DEMO/192.168.0.107:8081: registering service...
2018-05-19  15:20:51.329 [main] INFO  org.apache.coyote.http11.Http11NioProtocol - Starting ProtocolHandler ["http-nio-8081"]
2018-05-19  15:20:51.362 [main] INFO  org.apache.tomcat.util.net.NioSelectorPool - Using a shared selector for servlet write/read
2018-05-19  15:20:51.385 [main] INFO  org.springframework.boot.web.embedded.tomcat.TomcatWebServer - Tomcat started on port(s): 8081 (http) with context path ''
2018-05-19  15:20:51.386 [main] INFO  o.s.cloud.netflix.eureka.serviceregistry.EurekaAutoServiceRegistration - Updating port to 8081
2018-05-19  15:20:51.391 [main] INFO  com.panda.demo.SpringBootDemoApplication - Started SpringBootDemoApplication in 8.251 seconds (JVM running for 9.913)
2018-05-19  15:20:51.508 [DiscoveryClient-InstanceInfoReplicator-0] INFO  com.netflix.discovery.DiscoveryClient - DiscoveryClient_SPRING-BOOT-DEMO/192.168.0.107:8081 - registration status: 204
2018-05-19  15:21:46.149 [Thread-22] WARN  com.netflix.discovery.DiscoveryClient - Saw local status change event StatusChangeEvent [timestamp=1526714506149, current=DOWN, previous=UP]
2018-05-19  15:21:46.151 [DiscoveryClient-InstanceInfoReplicator-0] INFO  com.netflix.discovery.DiscoveryClient - DiscoveryClient_SPRING-BOOT-DEMO/192.168.0.107:8081: registering service...
2018-05-19  15:21:46.158 [Thread-22] INFO  com.netflix.discovery.DiscoveryClient - Shutting down DiscoveryClient ...
2018-05-19  15:21:46.175 [DiscoveryClient-InstanceInfoReplicator-0] INFO  com.netflix.discovery.DiscoveryClient - DiscoveryClient_SPRING-BOOT-DEMO/192.168.0.107:8081 - registration status: 204
2018-05-19  15:21:46.177 [Thread-22] INFO  com.netflix.discovery.DiscoveryClient - Unregistering ...
2018-05-19  15:21:46.204 [Thread-22] INFO  com.netflix.discovery.DiscoveryClient - DiscoveryClient_SPRING-BOOT-DEMO/192.168.0.107:8081 - deregister  status: 200
2018-05-19  15:21:46.218 [Thread-22] INFO  com.netflix.discovery.DiscoveryClient - Completed shut down of DiscoveryClient
2018-05-19  15:21:53.986 [main] INFO  org.springframework.context.annotation.AnnotationConfigApplicationContext - Refreshing org.springframework.context.annotation.AnnotationConfigApplicationContext@158a3b2e: startup date [Sat May 19 15:21:53 CST 2018]; root of context hierarchy
2018-05-19  15:21:54.315 [main] INFO  o.springframework.beans.factory.annotation.AutowiredAnnotationBeanPostProcessor - JSR-330 'javax.inject.Inject' annotation found and supported for autowiring
2018-05-19  15:21:54.373 [main] INFO  o.s.context.support.PostProcessorRegistrationDelegate$BeanPostProcessorChecker - Bean 'configurationPropertiesRebinderAutoConfiguration' of type [org.springframework.cloud.autoconfigure.ConfigurationPropertiesRebinderAutoConfiguration$$EnhancerBySpringCGLIB$$218937a8] is not eligible for getting processed by all BeanPostProcessors (for example: not eligible for auto-proxying)
2018-05-19  15:21:54.567 [main] INFO  com.panda.demo.SpringBootDemoApplication - No active profile set, falling back to default profiles: default
2018-05-19  15:21:54.585 [main] INFO  o.s.boot.web.servlet.context.AnnotationConfigServletWebServerApplicationContext - Refreshing org.springframework.boot.web.servlet.context.AnnotationConfigServletWebServerApplicationContext@3c4bc9fc: startup date [Sat May 19 15:21:54 CST 2018]; parent: org.springframework.context.annotation.AnnotationConfigApplicationContext@158a3b2e
2018-05-19  15:21:55.090 [main] INFO  org.springframework.beans.factory.xml.XmlBeanDefinitionReader - Loading XML bean definitions from class path resource [beanRefContext.xml]
2018-05-19  15:21:55.273 [main] INFO  org.springframework.beans.factory.support.DefaultListableBeanFactory - Overriding bean definition for bean 'dataSource' with a different definition: replacing [Root bean: class [null]; scope=; abstract=false; lazyInit=false; autowireMode=3; dependencyCheck=0; autowireCandidate=true; primary=false; factoryBeanName=org.springframework.boot.autoconfigure.jdbc.DataSourceConfiguration$Generic; factoryMethodName=dataSource; initMethodName=null; destroyMethodName=(inferred); defined in class path resource [org/springframework/boot/autoconfigure/jdbc/DataSourceConfiguration$Generic.class]] with [Root bean: class [null]; scope=; abstract=false; lazyInit=false; autowireMode=3; dependencyCheck=0; autowireCandidate=true; primary=false; factoryBeanName=org.springframework.boot.autoconfigure.jdbc.DataSourceConfiguration$Hikari; factoryMethodName=dataSource; initMethodName=null; destroyMethodName=(inferred); defined in class path resource [org/springframework/boot/autoconfigure/jdbc/DataSourceConfiguration$Hikari.class]]
2018-05-19  15:21:55.340 [main] INFO  org.springframework.data.repository.config.RepositoryConfigurationDelegate - Multiple Spring Data modules found, entering strict repository configuration mode!
2018-05-19  15:21:55.557 [main] INFO  org.springframework.beans.factory.support.DefaultListableBeanFactory - Overriding bean definition for bean 'dataSource' with a different definition: replacing [Root bean: class [null]; scope=refresh; abstract=false; lazyInit=false; autowireMode=3; dependencyCheck=0; autowireCandidate=false; primary=false; factoryBeanName=org.springframework.boot.autoconfigure.jdbc.DataSourceConfiguration$Hikari; factoryMethodName=dataSource; initMethodName=null; destroyMethodName=(inferred); defined in class path resource [org/springframework/boot/autoconfigure/jdbc/DataSourceConfiguration$Hikari.class]] with [Root bean: class [org.springframework.aop.scope.ScopedProxyFactoryBean]; scope=; abstract=false; lazyInit=false; autowireMode=0; dependencyCheck=0; autowireCandidate=true; primary=false; factoryBeanName=null; factoryMethodName=null; initMethodName=null; destroyMethodName=null; defined in BeanDefinition defined in class path resource [org/springframework/boot/autoconfigure/jdbc/DataSourceConfiguration$Hikari.class]]
2018-05-19  15:21:55.713 [main] INFO  org.springframework.cloud.context.scope.GenericScope - BeanFactory id=a55c998b-0c0b-39b4-a1e4-206544ffdc58
2018-05-19  15:21:55.737 [main] INFO  o.springframework.beans.factory.annotation.AutowiredAnnotationBeanPostProcessor - JSR-330 'javax.inject.Inject' annotation found and supported for autowiring
2018-05-19  15:21:55.865 [main] INFO  o.s.context.support.PostProcessorRegistrationDelegate$BeanPostProcessorChecker - Bean 'org.springframework.transaction.annotation.ProxyTransactionManagementConfiguration' of type [org.springframework.transaction.annotation.ProxyTransactionManagementConfiguration$$EnhancerBySpringCGLIB$$56f34ab] is not eligible for getting processed by all BeanPostProcessors (for example: not eligible for auto-proxying)
2018-05-19  15:21:55.904 [main] INFO  o.s.context.support.PostProcessorRegistrationDelegate$BeanPostProcessorChecker - Bean 'org.springframework.cloud.autoconfigure.ConfigurationPropertiesRebinderAutoConfiguration' of type [org.springframework.cloud.autoconfigure.ConfigurationPropertiesRebinderAutoConfiguration$$EnhancerBySpringCGLIB$$218937a8] is not eligible for getting processed by all BeanPostProcessors (for example: not eligible for auto-proxying)
2018-05-19  15:21:56.316 [main] INFO  org.springframework.boot.web.embedded.tomcat.TomcatWebServer - Tomcat initialized with port(s): 8081 (http)
2018-05-19  15:21:56.329 [main] INFO  org.apache.coyote.http11.Http11NioProtocol - Initializing ProtocolHandler ["http-nio-8081"]
2018-05-19  15:21:56.341 [main] INFO  org.apache.catalina.core.StandardService - Starting service [Tomcat]
2018-05-19  15:21:56.341 [main] INFO  org.apache.catalina.core.StandardEngine - Starting Servlet Engine: Apache Tomcat/8.5.31
2018-05-19  15:21:56.347 [localhost-startStop-1] INFO  org.apache.catalina.core.AprLifecycleListener - The APR based Apache Tomcat Native library which allows optimal performance in production environments was not found on the java.library.path: [/Users/mosl/Library/Java/Extensions:/Library/Java/Extensions:/Network/Library/Java/Extensions:/System/Library/Java/Extensions:/usr/lib/java:.]
2018-05-19  15:21:56.456 [localhost-startStop-1] INFO  org.apache.catalina.core.ContainerBase.[Tomcat].[localhost].[/] - Initializing Spring embedded WebApplicationContext
2018-05-19  15:21:56.456 [localhost-startStop-1] INFO  org.springframework.web.context.ContextLoader - Root WebApplicationContext: initialization completed in 1871 ms
2018-05-19  15:21:56.690 [localhost-startStop-1] INFO  org.springframework.boot.web.servlet.ServletRegistrationBean - Servlet dispatcherServlet mapped to [/]
2018-05-19  15:21:56.696 [localhost-startStop-1] INFO  org.springframework.boot.web.servlet.FilterRegistrationBean - Mapping filter: 'characterEncodingFilter' to: [/*]
2018-05-19  15:21:56.696 [localhost-startStop-1] INFO  org.springframework.boot.web.servlet.FilterRegistrationBean - Mapping filter: 'hiddenHttpMethodFilter' to: [/*]
2018-05-19  15:21:56.696 [localhost-startStop-1] INFO  org.springframework.boot.web.servlet.FilterRegistrationBean - Mapping filter: 'httpPutFormContentFilter' to: [/*]
2018-05-19  15:21:56.696 [localhost-startStop-1] INFO  org.springframework.boot.web.servlet.FilterRegistrationBean - Mapping filter: 'requestContextFilter' to: [/*]
2018-05-19  15:21:57.311 [main] WARN  com.netflix.config.sources.URLConfigurationSource - No URLs will be polled as dynamic configuration sources.
2018-05-19  15:21:57.312 [main] INFO  com.netflix.config.sources.URLConfigurationSource - To enable URLs as dynamic configuration sources, define System property archaius.configurationSource.additionalUrls or make config.properties available on classpath.
2018-05-19  15:21:57.317 [main] WARN  com.netflix.config.sources.URLConfigurationSource - No URLs will be polled as dynamic configuration sources.
2018-05-19  15:21:57.317 [main] INFO  com.netflix.config.sources.URLConfigurationSource - To enable URLs as dynamic configuration sources, define System property archaius.configurationSource.additionalUrls or make config.properties available on classpath.
2018-05-19  15:21:57.441 [main] INFO  org.springframework.web.servlet.handler.SimpleUrlHandlerMapping - Mapped URL path [/**/favicon.ico] onto handler of type [class org.springframework.web.servlet.resource.ResourceHttpRequestHandler]
2018-05-19  15:21:57.803 [main] INFO  o.springframework.web.servlet.mvc.method.annotation.RequestMappingHandlerAdapter - Looking for @ControllerAdvice: org.springframework.boot.web.servlet.context.AnnotationConfigServletWebServerApplicationContext@3c4bc9fc: startup date [Sat May 19 15:21:54 CST 2018]; parent: org.springframework.context.annotation.AnnotationConfigApplicationContext@158a3b2e
2018-05-19  15:21:57.869 [main] INFO  o.springframework.web.servlet.mvc.method.annotation.RequestMappingHandlerMapping - Mapped "{[/test]}" onto public java.lang.Object com.panda.demo.controller.OrderController.test()
2018-05-19  15:21:57.870 [main] INFO  o.springframework.web.servlet.mvc.method.annotation.RequestMappingHandlerMapping - Mapped "{[/getUser],methods=[GET]}" onto public java.lang.Object com.panda.demo.controller.OrderController.getUser()
2018-05-19  15:21:57.870 [main] INFO  o.springframework.web.servlet.mvc.method.annotation.RequestMappingHandlerMapping - Mapped "{[/selectById]}" onto public java.lang.Object com.panda.demo.controller.OrderController.selectById()
2018-05-19  15:21:57.870 [main] INFO  o.springframework.web.servlet.mvc.method.annotation.RequestMappingHandlerMapping - Mapped "{[/insertUser]}" onto public java.lang.Object com.panda.demo.controller.OrderController.insertUser()
2018-05-19  15:21:57.871 [main] INFO  o.springframework.web.servlet.mvc.method.annotation.RequestMappingHandlerMapping - Mapped "{[/v1/redis/set],methods=[GET]}" onto public java.lang.Object com.panda.demo.controller.UserController.redisSet()
2018-05-19  15:21:57.873 [main] INFO  o.springframework.web.servlet.mvc.method.annotation.RequestMappingHandlerMapping - Mapped "{[/v1/user/add],methods=[POST]}" onto public java.lang.Object com.panda.demo.controller.UserController.addUser(com.panda.demo.dto.UserDto)
2018-05-19  15:21:57.876 [main] INFO  o.springframework.web.servlet.mvc.method.annotation.RequestMappingHandlerMapping - Mapped "{[/error]}" onto public org.springframework.http.ResponseEntity<java.util.Map<java.lang.String, java.lang.Object>> org.springframework.boot.autoconfigure.web.servlet.error.BasicErrorController.error(javax.servlet.http.HttpServletRequest)
2018-05-19  15:21:57.877 [main] INFO  o.springframework.web.servlet.mvc.method.annotation.RequestMappingHandlerMapping - Mapped "{[/error],produces=[text/html]}" onto public org.springframework.web.servlet.ModelAndView org.springframework.boot.autoconfigure.web.servlet.error.BasicErrorController.errorHtml(javax.servlet.http.HttpServletRequest,javax.servlet.http.HttpServletResponse)
2018-05-19  15:21:57.914 [main] INFO  org.springframework.web.servlet.handler.SimpleUrlHandlerMapping - Mapped URL path [/webjars/**] onto handler of type [class org.springframework.web.servlet.resource.ResourceHttpRequestHandler]
2018-05-19  15:21:57.915 [main] INFO  org.springframework.web.servlet.handler.SimpleUrlHandlerMapping - Mapped URL path [/**] onto handler of type [class org.springframework.web.servlet.resource.ResourceHttpRequestHandler]
2018-05-19  15:21:58.264 [main] WARN  org.springframework.data.convert.CustomConversions - Registering converter from class org.joda.time.LocalDateTime to class java.time.LocalDateTime as reading converter although it doesn't convert from a store-supported type! You might wanna check you annotation setup at the converter implementation.
2018-05-19  15:21:58.280 [main] WARN  org.springframework.data.convert.CustomConversions - Registering converter from class org.joda.time.LocalDateTime to class java.time.LocalDateTime as reading converter although it doesn't convert from a store-supported type! You might wanna check you annotation setup at the converter implementation.
2018-05-19  15:21:58.293 [main] WARN  org.springframework.data.convert.CustomConversions - Registering converter from class org.joda.time.LocalDateTime to class java.time.LocalDateTime as reading converter although it doesn't convert from a store-supported type! You might wanna check you annotation setup at the converter implementation.
2018-05-19  15:21:58.967 [main] INFO  org.springframework.jmx.export.annotation.AnnotationMBeanExporter - Registering beans for JMX exposure on startup
2018-05-19  15:21:58.970 [main] INFO  org.springframework.jmx.export.annotation.AnnotationMBeanExporter - Bean with name 'dataSource' has been autodetected for JMX exposure
2018-05-19  15:21:58.980 [main] INFO  org.springframework.jmx.export.annotation.AnnotationMBeanExporter - Bean with name 'refreshScope' has been autodetected for JMX exposure
2018-05-19  15:21:58.981 [main] INFO  org.springframework.jmx.export.annotation.AnnotationMBeanExporter - Bean with name 'configurationPropertiesRebinder' has been autodetected for JMX exposure
2018-05-19  15:21:58.982 [main] INFO  org.springframework.jmx.export.annotation.AnnotationMBeanExporter - Bean with name 'environmentManager' has been autodetected for JMX exposure
2018-05-19  15:21:58.985 [main] INFO  org.springframework.jmx.export.annotation.AnnotationMBeanExporter - Located managed bean 'environmentManager': registering with JMX server as MBean [org.springframework.cloud.context.environment:name=environmentManager,type=EnvironmentManager]
2018-05-19  15:21:59.008 [main] INFO  org.springframework.jmx.export.annotation.AnnotationMBeanExporter - Located managed bean 'refreshScope': registering with JMX server as MBean [org.springframework.cloud.context.scope.refresh:name=refreshScope,type=RefreshScope]
2018-05-19  15:21:59.024 [main] INFO  org.springframework.jmx.export.annotation.AnnotationMBeanExporter - Located managed bean 'configurationPropertiesRebinder': registering with JMX server as MBean [org.springframework.cloud.context.properties:name=configurationPropertiesRebinder,context=3c4bc9fc,type=ConfigurationPropertiesRebinder]
2018-05-19  15:21:59.030 [main] INFO  org.springframework.jmx.export.annotation.AnnotationMBeanExporter - Located MBean 'dataSource': registering with JMX server as MBean [com.zaxxer.hikari:name=dataSource,type=HikariDataSource]
2018-05-19  15:21:59.036 [main] INFO  org.springframework.context.support.DefaultLifecycleProcessor - Starting beans in phase 0
2018-05-19  15:21:59.045 [main] INFO  org.springframework.cloud.netflix.eureka.InstanceInfoFactory - Setting initial instance status as: STARTING
2018-05-19  15:21:59.092 [main] INFO  com.netflix.discovery.DiscoveryClient - Initializing Eureka in region us-east-1
2018-05-19  15:21:59.385 [main] INFO  com.netflix.discovery.provider.DiscoveryJerseyProvider - Using JSON encoding codec LegacyJacksonJson
2018-05-19  15:21:59.386 [main] INFO  com.netflix.discovery.provider.DiscoveryJerseyProvider - Using JSON decoding codec LegacyJacksonJson
2018-05-19  15:21:59.559 [main] INFO  com.netflix.discovery.provider.DiscoveryJerseyProvider - Using XML encoding codec XStreamXml
2018-05-19  15:21:59.559 [main] INFO  com.netflix.discovery.provider.DiscoveryJerseyProvider - Using XML decoding codec XStreamXml
2018-05-19  15:21:59.823 [main] INFO  com.netflix.discovery.shared.resolver.aws.ConfigClusterResolver - Resolving eureka endpoints via configuration
2018-05-19  15:21:59.844 [main] INFO  com.netflix.discovery.DiscoveryClient - Disable delta property : false
2018-05-19  15:21:59.844 [main] INFO  com.netflix.discovery.DiscoveryClient - Single vip registry refresh property : null
2018-05-19  15:21:59.844 [main] INFO  com.netflix.discovery.DiscoveryClient - Force full registry fetch : false
2018-05-19  15:21:59.844 [main] INFO  com.netflix.discovery.DiscoveryClient - Application is null : false
2018-05-19  15:21:59.844 [main] INFO  com.netflix.discovery.DiscoveryClient - Registered Applications size is zero : true
2018-05-19  15:21:59.845 [main] INFO  com.netflix.discovery.DiscoveryClient - Application version is -1: true
2018-05-19  15:21:59.845 [main] INFO  com.netflix.discovery.DiscoveryClient - Getting all instance registry info from the eureka server
2018-05-19  15:22:00.151 [main] INFO  com.netflix.discovery.DiscoveryClient - The response status is 200
2018-05-19  15:22:00.156 [main] INFO  com.netflix.discovery.DiscoveryClient - Starting heartbeat executor: renew interval is: 30
2018-05-19  15:22:00.166 [main] INFO  com.netflix.discovery.InstanceInfoReplicator - InstanceInfoReplicator onDemand update allowed rate per min is 4
2018-05-19  15:22:00.171 [main] INFO  com.netflix.discovery.DiscoveryClient - Discovery Client initialized at timestamp 1526714520169 with initial instances count: 3
2018-05-19  15:22:00.182 [main] INFO  org.springframework.cloud.netflix.eureka.serviceregistry.EurekaServiceRegistry - Registering application spring-boot-demo with eureka with status UP
2018-05-19  15:22:00.183 [main] INFO  com.netflix.discovery.DiscoveryClient - Saw local status change event StatusChangeEvent [timestamp=1526714520183, current=UP, previous=STARTING]
2018-05-19  15:22:00.185 [DiscoveryClient-InstanceInfoReplicator-0] INFO  com.netflix.discovery.DiscoveryClient - DiscoveryClient_SPRING-BOOT-DEMO/192.168.0.107:8081: registering service...
2018-05-19  15:22:00.208 [main] INFO  org.apache.coyote.http11.Http11NioProtocol - Starting ProtocolHandler ["http-nio-8081"]
2018-05-19  15:22:00.239 [main] INFO  org.apache.tomcat.util.net.NioSelectorPool - Using a shared selector for servlet write/read
2018-05-19  15:22:00.259 [main] INFO  org.springframework.boot.web.embedded.tomcat.TomcatWebServer - Tomcat started on port(s): 8081 (http) with context path ''
2018-05-19  15:22:00.261 [main] INFO  o.s.cloud.netflix.eureka.serviceregistry.EurekaAutoServiceRegistration - Updating port to 8081
2018-05-19  15:22:00.265 [main] INFO  com.panda.demo.SpringBootDemoApplication - Started SpringBootDemoApplication in 7.846 seconds (JVM running for 9.318)
2018-05-19  15:22:00.266 [DiscoveryClient-InstanceInfoReplicator-0] INFO  com.netflix.discovery.DiscoveryClient - DiscoveryClient_SPRING-BOOT-DEMO/192.168.0.107:8081 - registration status: 204
2018-05-19  15:22:21.130 [Thread-21] WARN  com.netflix.discovery.DiscoveryClient - Saw local status change event StatusChangeEvent [timestamp=1526714541129, current=DOWN, previous=UP]
2018-05-19  15:22:21.133 [DiscoveryClient-InstanceInfoReplicator-0] INFO  com.netflix.discovery.DiscoveryClient - DiscoveryClient_SPRING-BOOT-DEMO/192.168.0.107:8081: registering service...
2018-05-19  15:22:21.140 [Thread-21] INFO  com.netflix.discovery.DiscoveryClient - Shutting down DiscoveryClient ...
2018-05-19  15:22:21.153 [DiscoveryClient-InstanceInfoReplicator-0] INFO  com.netflix.discovery.DiscoveryClient - DiscoveryClient_SPRING-BOOT-DEMO/192.168.0.107:8081 - registration status: 204
2018-05-19  15:22:21.154 [Thread-21] INFO  com.netflix.discovery.DiscoveryClient - Unregistering ...
2018-05-19  15:22:21.170 [Thread-21] INFO  com.netflix.discovery.DiscoveryClient - DiscoveryClient_SPRING-BOOT-DEMO/192.168.0.107:8081 - deregister  status: 200
2018-05-19  15:22:21.184 [Thread-21] INFO  com.netflix.discovery.DiscoveryClient - Completed shut down of DiscoveryClient
